1587690612.041908 client started (24705): version 2.6, socket /tmp/tmux-1000/default, protocol 8
1587690612.042088 on Linux 4.19.84-microsoft-standard #1 SMP Wed Nov 13 11:44:37 UTC 2019; libevent 2.1.8-stable (poll)
1587690612.042289 socket is /tmp/tmux-1000/default
1587690612.042460 trying connect
1587690612.042761 add peer 0x5586b0f47350: 6 ((nil))
1587690612.042942 sending message 100 to peer 0x5586b0f47350 (4 bytes)
1587690612.043128 sending message 101 to peer 0x5586b0f47350 (16 bytes)
1587690612.043225 sending message 102 to peer 0x5586b0f47350 (11 bytes)
1587690612.043412 sending message 108 to peer 0x5586b0f47350 (46 bytes)
1587690612.043577 sending message 104 to peer 0x5586b0f47350 (0 bytes)
1587690612.043719 sending message 107 to peer 0x5586b0f47350 (4 bytes)
1587690612.043852 sending message 105 to peer 0x5586b0f47350 (17 bytes)
1587690612.044019 sending message 105 to peer 0x5586b0f47350 (16 bytes)
1587690612.044189 sending message 105 to peer 0x5586b0f47350 (13 bytes)
1587690612.044362 sending message 105 to peer 0x5586b0f47350 (8 bytes)
1587690612.044541 sending message 105 to peer 0x5586b0f47350 (14 bytes)
1587690612.044682 sending message 105 to peer 0x5586b0f47350 (32 bytes)
1587690612.044851 sending message 105 to peer 0x5586b0f47350 (1516 bytes)
1587690612.045034 sending message 105 to peer 0x5586b0f47350 (14 bytes)
1587690612.045225 sending message 105 to peer 0x5586b0f47350 (19 bytes)
1587690612.045390 sending message 105 to peer 0x5586b0f47350 (11 bytes)
1587690612.045552 sending message 105 to peer 0x5586b0f47350 (1043 bytes)
1587690612.045740 sending message 105 to peer 0x5586b0f47350 (50 bytes)
1587690612.045907 sending message 105 to peer 0x5586b0f47350 (19 bytes)
1587690612.046077 sending message 105 to peer 0x5586b0f47350 (8 bytes)
1587690612.046245 sending message 105 to peer 0x5586b0f47350 (21 bytes)
1587690612.046395 sending message 105 to peer 0x5586b0f47350 (33 bytes)
1587690612.046529 sending message 105 to peer 0x5586b0f47350 (13 bytes)
1587690612.046689 sending message 105 to peer 0x5586b0f47350 (52 bytes)
1587690612.046823 sending message 105 to peer 0x5586b0f47350 (11 bytes)
1587690612.046957 sending message 105 to peer 0x5586b0f47350 (19 bytes)
1587690612.047091 sending message 105 to peer 0x5586b0f47350 (23 bytes)
1587690612.047225 sending message 105 to peer 0x5586b0f47350 (31 bytes)
1587690612.047337 sending message 105 to peer 0x5586b0f47350 (48 bytes)
1587690612.047417 sending message 105 to peer 0x5586b0f47350 (27 bytes)
1587690612.047546 sending message 105 to peer 0x5586b0f47350 (26 bytes)
1587690612.047692 sending message 105 to peer 0x5586b0f47350 (45 bytes)
1587690612.047826 sending message 105 to peer 0x5586b0f47350 (30 bytes)
1587690612.047935 sending message 105 to peer 0x5586b0f47350 (16 bytes)
1587690612.048070 sending message 105 to peer 0x5586b0f47350 (75 bytes)
1587690612.048206 sending message 105 to peer 0x5586b0f47350 (25 bytes)
1587690612.048341 sending message 105 to peer 0x5586b0f47350 (69 bytes)
1587690612.048450 sending message 105 to peer 0x5586b0f47350 (43 bytes)
1587690612.048536 sending message 105 to peer 0x5586b0f47350 (25 bytes)
1587690612.048629 sending message 105 to peer 0x5586b0f47350 (45 bytes)
1587690612.048645 sending message 105 to peer 0x5586b0f47350 (18 bytes)
1587690612.048657 sending message 105 to peer 0x5586b0f47350 (21 bytes)
1587690612.048668 sending message 105 to peer 0x5586b0f47350 (23 bytes)
1587690612.048677 sending message 105 to peer 0x5586b0f47350 (16 bytes)
1587690612.048685 sending message 106 to peer 0x5586b0f47350 (0 bytes)
1587690612.048695 sending message 200 to peer 0x5586b0f47350 (4 bytes)
1587690612.048711 client loop enter
1587690612.050325 peer 0x5586b0f47350 message 211
1587690612.050585 peer 0x5586b0f47350 message 203
1587690612.050792 client loop exit
